
=== Wed Feb 20 15:58:11 2019

Packages were changed.
Update Mode: updateDependencies

The following packages were added:
  com.unity.collab-proxy@1.2.15
The following packages were updated:
  com.unity.analytics from version 2.0.16 to 3.2.2
  com.unity.package-manager-ui from version 1.9.11 to 2.0.3
  com.unity.textmeshpro from version 1.2.4 to 1.3.0

=== Tue Nov 10 13:44:55 2020

Packages were changed.
Update Mode: updateDependencies

The following packages were updated:
  com.unity.analytics from version 3.2.2 to 3.2.3
  com.unity.package-manager-ui from version 2.0.3 to 2.0.8
  com.unity.textmeshpro from version 1.3.0 to 1.4.1
  com.unity.xr.oculus.standalone from version 1.29.1 to 1.38.3

=== Thu Nov 19 16:28:38 2020

Packages were changed.
Update Mode: updateDependencies

The following packages were updated:
  com.unity.package-manager-ui from version 2.0.8 to 2.0.13
  com.unity.purchasing from version 2.0.3 to 2.1.1

=== Fri Sep 22 16:48:15 2023

Packages were changed.
Update Mode: updateDependencies

The following packages were added:
  com.unity.2d.sprite@1.0.0
  com.unity.2d.tilemap@1.0.0
  com.unity.ide.rider@3.0.24
  com.unity.ide.visualstudio@2.0.18
  com.unity.ide.vscode@1.2.5
  com.unity.modules.androidjni@1.0.0
  com.unity.test-framework@1.1.33
  com.unity.timeline@1.7.5
  com.unity.ugui@1.0.0
  com.unity.xr.legacyinputhelpers@2.1.10
  com.unity.ai.navigation@1.1.4
The following packages were updated:
  com.unity.ads from version 2.0.8 to 4.4.2
  com.unity.analytics from version 3.2.3 to 3.8.1
  com.unity.collab-proxy from version 1.2.15 to 2.0.7
  com.unity.purchasing from version 2.1.1 to 4.9.3
  com.unity.textmeshpro from version 1.4.1 to 3.0.6
The following packages were removed:
  com.unity.package-manager-ui@2.0.13
  com.unity.xr.oculus.standalone@1.38.3
  com.unity.xr.openvr.standalone@1.0.5
